# JRE version: 7.0_25-b17
# Java VM: Java HotSpot(TM) 64-Bit Server VM (23.25-b01 mixed mode windows-amd64 compressed oops)
Heap
 PSYoungGen      total 37824K, used 32411K [0x00000007d5c00000, 0x00000007d8630000, 0x0000000800000000)
  eden space 32448K, 92% used [0x00000007d5c00000,0x00000007d793ede8,0x00000007d7bb0000)
  from space 5376K, 45% used [0x00000007d80f0000,0x00000007d8358020,0x00000007d8630000)
  to   space 5376K, 0% used [0x00000007d7bb0000,0x00000007d7bb0000,0x00000007d80f0000)
 ParOldGen       total 86528K, used 16K [0x0000000781400000, 0x0000000786880000, 0x00000007d5c00000)
  object space 86528K, 0% used [0x0000000781400000,0x0000000781404000,0x0000000786880000)
 PSPermGen       total 21248K, used 14043K [0x000000077c200000, 0x000000077d6c0000, 0x0000000781400000)
  object space 21248K, 66% used [0x000000077c200000,0x000000077cfb6c70,0x000000077d6c0000)
GC Heap History (4 events):
Event: 6.458 GC heap before
{Heap before GC invocations=1 (full 0):
 PSYoungGen      total 37824K, used 32448K [0x00000007d5c00000, 0x00000007d8630000, 0x0000000800000000)
  eden space 32448K, 100% used [0x00000007d5c00000,0x00000007d7bb0000,0x00000007d7bb0000)
  from space 5376K, 0% used [0x00000007d80f0000,0x00000007d80f0000,0x00000007d8630000)
  to   space 5376K, 0% used [0x00000007d7bb0000,0x00000007d7bb0000,0x00000007d80f0000)
 ParOldGen       total 86528K, used 0K [0x0000000781400000, 0x0000000786880000, 0x00000007d5c00000)
  object space 86528K, 0% used [0x0000000781400000,0x0000000781400000,0x0000000786880000)
 PSPermGen       total 21248K, used 13949K [0x000000077c200000, 0x000000077d6c0000, 0x0000000781400000)
  object space 21248K, 65% used [0x000000077c200000,0x000000077cf9f570,0x000000077d6c0000)
Event: 6.465 GC heap after
Heap after GC invocations=1 (full 0):
 PSYoungGen      total 37824K, used 2781K [0x00000007d5c00000, 0x00000007d8630000, 0x0000000800000000)
  eden space 32448K, 0% used [0x00000007d5c00000,0x00000007d5c00000,0x00000007d7bb0000)
  from space 5376K, 51% used [0x00000007d7bb0000,0x00000007d7e676f8,0x00000007d80f0000)
  to   space 5376K, 0% used [0x00000007d80f0000,0x00000007d80f0000,0x00000007d8630000)
 ParOldGen       total 86528K, used 8K [0x0000000781400000, 0x0000000786880000, 0x00000007d5c00000)
  object space 86528K, 0% used [0x0000000781400000,0x0000000781402000,0x0000000786880000)
 PSPermGen       total 21248K, used 13949K [0x000000077c200000, 0x000000077d6c0000, 0x0000000781400000)
  object space 21248K, 65% used [0x000000077c200000,0x000000077cf9f570,0x000000077d6c0000)
}
Event: 7.236 GC heap before
{Heap before GC invocations=2 (full 0):
 PSYoungGen      total 37824K, used 35229K [0x00000007d5c00000, 0x00000007d8630000, 0x0000000800000000)
  eden space 32448K, 100% used [0x00000007d5c00000,0x00000007d7bb0000,0x00000007d7bb0000)
  from space 5376K, 51% used [0x00000007d7bb0000,0x00000007d7e676f8,0x00000007d80f0000)
  to   space 5376K, 0% used [0x00000007d80f0000,0x00000007d80f0000,0x00000007d8630000)
 ParOldGen       total 86528K, used 8K [0x0000000781400000, 0x0000000786880000, 0x00000007d5c00000)
  object space 86528K, 0% used [0x0000000781400000,0x0000000781402000,0x0000000786880000)
 PSPermGen       total 21248K, used 14022K [0x000000077c200000, 0x000000077d6c0000, 0x0000000781400000)
  object space 21248K, 65% used [0x000000077c200000,0x000000077cfb1800,0x000000077d6c0000)
Event: 7.242 GC heap after
Heap after GC invocations=2 (full 0):
 PSYoungGen      total 37824K, used 2464K [0x00000007d5c00000, 0x00000007d8630000, 0x0000000800000000)
  eden space 32448K, 0% used [0x00000007d5c00000,0x00000007d5c00000,0x00000007d7bb0000)
  from space 5376K, 45% used [0x00000007d80f0000,0x00000007d8358020,0x00000007d8630000)
  to   space 5376K, 0% used [0x00000007d7bb0000,0x00000007d7bb0000,0x00000007d80f0000)
 ParOldGen       total 86528K, used 16K [0x0000000781400000, 0x0000000786880000, 0x00000007d5c00000)
  object space 86528K, 0% used [0x0000000781400000,0x0000000781404000,0x0000000786880000)
 PSPermGen       total 21248K, used 14022K [0x000000077c200000, 0x000000077d6c0000, 0x0000000781400000)
  object space 21248K, 65% used [0x000000077c200000,0x000000077cfb1800,0x000000077d6c0000)
}

