# JRE version: 7.0_25-b17
# Java VM: Java HotSpot(TM) 64-Bit Server VM (23.25-b01 mixed mode windows-amd64 compressed oops)
Heap
 PSYoungGen      total 37824K, used 6872K [0x00000007d5c00000, 0x00000007d8630000, 0x0000000800000000)
  eden space 32448K, 13% used [0x00000007d5c00000,0x00000007d604e068,0x00000007d7bb0000)
  from space 5376K, 45% used [0x00000007d7bb0000,0x00000007d7e18020,0x00000007d80f0000)
  to   space 5376K, 0% used [0x00000007d80f0000,0x00000007d80f0000,0x00000007d8630000)
 ParOldGen       total 86528K, used 24K [0x0000000781400000, 0x0000000786880000, 0x00000007d5c00000)
  object space 86528K, 0% used [0x0000000781400000,0x0000000781406000,0x0000000786880000)
 PSPermGen       total 21248K, used 14119K [0x000000077c200000, 0x000000077d6c0000, 0x0000000781400000)
  object space 21248K, 66% used [0x000000077c200000,0x000000077cfc9c28,0x000000077d6c0000)
GC Heap History (6 events):
Event: 8.423 GC heap before
{Heap before GC invocations=1 (full 0):
 PSYoungGen      total 37824K, used 32448K [0x00000007d5c00000, 0x00000007d8630000, 0x0000000800000000)
  eden space 32448K, 100% used [0x00000007d5c00000,0x00000007d7bb0000,0x00000007d7bb0000)
  from space 5376K, 0% used [0x00000007d80f0000,0x00000007d80f0000,0x00000007d8630000)
  to   space 5376K, 0% used [0x00000007d7bb0000,0x00000007d7bb0000,0x00000007d80f0000)
 ParOldGen       total 86528K, used 0K [0x0000000781400000, 0x0000000786880000, 0x00000007d5c00000)
  object space 86528K, 0% used [0x0000000781400000,0x0000000781400000,0x0000000786880000)
 PSPermGen       total 21248K, used 14021K [0x000000077c200000, 0x000000077d6c0000, 0x0000000781400000)
  object space 21248K, 65% used [0x000000077c200000,0x000000077cfb17c8,0x000000077d6c0000)
Event: 8.430 GC heap after
Heap after GC invocations=1 (full 0):
 PSYoungGen      total 37824K, used 2820K [0x00000007d5c00000, 0x00000007d8630000, 0x0000000800000000)
  eden space 32448K, 0% used [0x00000007d5c00000,0x00000007d5c00000,0x00000007d7bb0000)
  from space 5376K, 52% used [0x00000007d7bb0000,0x00000007d7e713c0,0x00000007d80f0000)
  to   space 5376K, 0% used [0x00000007d80f0000,0x00000007d80f0000,0x00000007d8630000)
 ParOldGen       total 86528K, used 8K [0x0000000781400000, 0x0000000786880000, 0x00000007d5c00000)
  object space 86528K, 0% used [0x0000000781400000,0x0000000781402000,0x0000000786880000)
 PSPermGen       total 21248K, used 14021K [0x000000077c200000, 0x000000077d6c0000, 0x0000000781400000)
  object space 21248K, 65% used [0x000000077c200000,0x000000077cfb17c8,0x000000077d6c0000)
}
Event: 9.175 GC heap before
{Heap before GC invocations=2 (full 0):
 PSYoungGen      total 37824K, used 35268K [0x00000007d5c00000, 0x00000007d8630000, 0x0000000800000000)
  eden space 32448K, 100% used [0x00000007d5c00000,0x00000007d7bb0000,0x00000007d7bb0000)
  from space 5376K, 52% used [0x00000007d7bb0000,0x00000007d7e713c0,0x00000007d80f0000)
  to   space 5376K, 0% used [0x00000007d80f0000,0x00000007d80f0000,0x00000007d8630000)
 ParOldGen       total 86528K, used 8K [0x0000000781400000, 0x0000000786880000, 0x00000007d5c00000)
  object space 86528K, 0% used [0x0000000781400000,0x0000000781402000,0x0000000786880000)
 PSPermGen       total 21248K, used 14094K [0x000000077c200000, 0x000000077d6c0000, 0x0000000781400000)
  object space 21248K, 66% used [0x000000077c200000,0x000000077cfc38a8,0x000000077d6c0000)
Event: 9.182 GC heap after
Heap after GC invocations=2 (full 0):
 PSYoungGen      total 37824K, used 2464K [0x00000007d5c00000, 0x00000007d8630000, 0x0000000800000000)
  eden space 32448K, 0% used [0x00000007d5c00000,0x00000007d5c00000,0x00000007d7bb0000)
  from space 5376K, 45% used [0x00000007d80f0000,0x00000007d8358020,0x00000007d8630000)
  to   space 5376K, 0% used [0x00000007d7bb0000,0x00000007d7bb0000,0x00000007d80f0000)
 ParOldGen       total 86528K, used 16K [0x0000000781400000, 0x0000000786880000, 0x00000007d5c00000)
  object space 86528K, 0% used [0x0000000781400000,0x0000000781404000,0x0000000786880000)
 PSPermGen       total 21248K, used 14094K [0x000000077c200000, 0x000000077d6c0000, 0x0000000781400000)
  object space 21248K, 66% used [0x000000077c200000,0x000000077cfc38a8,0x000000077d6c0000)
}
Event: 9.787 GC heap before
{Heap before GC invocations=3 (full 0):
 PSYoungGen      total 37824K, used 34912K [0x00000007d5c00000, 0x00000007d8630000, 0x0000000800000000)
  eden space 32448K, 100% used [0x00000007d5c00000,0x00000007d7bb0000,0x00000007d7bb0000)
  from space 5376K, 45% used [0x00000007d80f0000,0x00000007d8358020,0x00000007d8630000)
  to   space 5376K, 0% used [0x00000007d7bb0000,0x00000007d7bb0000,0x00000007d80f0000)
 ParOldGen       total 86528K, used 16K [0x0000000781400000, 0x0000000786880000, 0x00000007d5c00000)
  object space 86528K, 0% used [0x0000000781400000,0x0000000781404000,0x0000000786880000)
 PSPermGen       total 21248K, used 14116K [0x000000077c200000, 0x000000077d6c0000, 0x0000000781400000)
  object space 21248K, 66% used [0x000000077c200000,0x000000077cfc9348,0x000000077d6c0000)
Event: 9.793 GC heap after
Heap after GC invocations=3 (full 0):
 PSYoungGen      total 37824K, used 2464K [0x00000007d5c00000, 0x00000007d8630000, 0x0000000800000000)
  eden space 32448K, 0% used [0x00000007d5c00000,0x00000007d5c00000,0x00000007d7bb0000)
  from space 5376K, 45% used [0x00000007d7bb0000,0x00000007d7e18020,0x00000007d80f0000)
  to   space 5376K, 0% used [0x00000007d80f0000,0x00000007d80f0000,0x00000007d8630000)
 ParOldGen       total 86528K, used 24K [0x0000000781400000, 0x0000000786880000, 0x00000007d5c00000)
  object space 86528K, 0% used [0x0000000781400000,0x0000000781406000,0x0000000786880000)
 PSPermGen       total 21248K, used 14116K [0x000000077c200000, 0x000000077d6c0000, 0x0000000781400000)
  object space 21248K, 66% used [0x000000077c200000,0x000000077cfc9348,0x000000077d6c0000)
}

