# JRE version: 7.0_25-b17
# Java VM: Java HotSpot(TM) 64-Bit Server VM (23.25-b01 mixed mode windows-amd64 compressed oops)
Heap
 PSYoungGen      total 30208K, used 2815K [0x00000007d5c00000, 0x00000007d7dc0000, 0x0000000800000000)
  eden space 27008K, 8% used [0x00000007d5c00000,0x00000007d5e47e68,0x00000007d7660000)
  from space 3200K, 15% used [0x00000007d7aa0000,0x00000007d7b18000,0x00000007d7dc0000)
  to   space 3776K, 0% used [0x00000007d7660000,0x00000007d7660000,0x00000007d7a10000)
 ParOldGen       total 86528K, used 1976K [0x0000000781400000, 0x0000000786880000, 0x00000007d5c00000)
  object space 86528K, 2% used [0x0000000781400000,0x00000007815ee3c8,0x0000000786880000)
 PSPermGen       total 21248K, used 14133K [0x000000077c200000, 0x000000077d6c0000, 0x0000000781400000)
  object space 21248K, 66% used [0x000000077c200000,0x000000077cfcd7c0,0x000000077d6c0000)
GC Heap History (10 events):
Event: 47.834 GC heap before
{Heap before GC invocations=8 (full 0):
 PSYoungGen      total 30848K, used 30816K [0x00000007d5c00000, 0x00000007d8000000, 0x0000000800000000)
  eden space 30208K, 100% used [0x00000007d5c00000,0x00000007d7980000,0x00000007d7980000)
  from space 640K, 95% used [0x00000007d7b20000,0x00000007d7bb8000,0x00000007d7bc0000)
  to   space 3328K, 0% used [0x00000007d7cc0000,0x00000007d7cc0000,0x00000007d8000000)
 ParOldGen       total 86528K, used 1872K [0x0000000781400000, 0x0000000786880000, 0x00000007d5c00000)
  object space 86528K, 2% used [0x0000000781400000,0x00000007815d43c8,0x0000000786880000)
 PSPermGen       total 21248K, used 14107K [0x000000077c200000, 0x000000077d6c0000, 0x0000000781400000)
  object space 21248K, 66% used [0x000000077c200000,0x000000077cfc6f98,0x000000077d6c0000)
Event: 47.839 GC heap after
Heap after GC invocations=8 (full 0):
 PSYoungGen      total 32512K, used 512K [0x00000007d5c00000, 0x00000007d7fb0000, 0x0000000800000000)
  eden space 29504K, 0% used [0x00000007d5c00000,0x00000007d5c00000,0x00000007d78d0000)
  from space 3008K, 17% used [0x00000007d7cc0000,0x00000007d7d40000,0x00000007d7fb0000)
  to   space 3520K, 0% used [0x00000007d78d0000,0x00000007d78d0000,0x00000007d7c40000)
 ParOldGen       total 86528K, used 1904K [0x0000000781400000, 0x0000000786880000, 0x00000007d5c00000)
  object space 86528K, 2% used [0x0000000781400000,0x00000007815dc3c8,0x0000000786880000)
 PSPermGen       total 21248K, used 14107K [0x000000077c200000, 0x000000077d6c0000, 0x0000000781400000)
  object space 21248K, 66% used [0x000000077c200000,0x000000077cfc6f98,0x000000077d6c0000)
}
Event: 51.625 GC heap before
{Heap before GC invocations=9 (full 0):
 PSYoungGen      total 32512K, used 30016K [0x00000007d5c00000, 0x00000007d7fb0000, 0x0000000800000000)
  eden space 29504K, 100% used [0x00000007d5c00000,0x00000007d78d0000,0x00000007d78d0000)
  from space 3008K, 17% used [0x00000007d7cc0000,0x00000007d7d40000,0x00000007d7fb0000)
  to   space 3520K, 0% used [0x00000007d78d0000,0x00000007d78d0000,0x00000007d7c40000)
 ParOldGen       total 86528K, used 1904K [0x0000000781400000, 0x0000000786880000, 0x00000007d5c00000)
  object space 86528K, 2% used [0x0000000781400000,0x00000007815dc3c8,0x0000000786880000)
 PSPermGen       total 21248K, used 14110K [0x000000077c200000, 0x000000077d6c0000, 0x0000000781400000)
  object space 21248K, 66% used [0x000000077c200000,0x000000077cfc78f8,0x000000077d6c0000)
Event: 51.657 GC heap after
Heap after GC invocations=9 (full 0):
 PSYoungGen      total 29312K, used 448K [0x00000007d5c00000, 0x00000007d7f50000, 0x0000000800000000)
  eden space 28864K, 0% used [0x00000007d5c00000,0x00000007d5c00000,0x00000007d7830000)
  from space 448K, 100% used [0x00000007d78d0000,0x00000007d7940000,0x00000007d7940000)
  to   space 3648K, 0% used [0x00000007d7bc0000,0x00000007d7bc0000,0x00000007d7f50000)
 ParOldGen       total 86528K, used 1912K [0x0000000781400000, 0x0000000786880000, 0x00000007d5c00000)
  object space 86528K, 2% used [0x0000000781400000,0x00000007815de3c8,0x0000000786880000)
 PSPermGen       total 21248K, used 14110K [0x000000077c200000, 0x000000077d6c0000, 0x0000000781400000)
  object space 21248K, 66% used [0x000000077c200000,0x000000077cfc78f8,0x000000077d6c0000)
}
Event: 57.184 GC heap before
{Heap before GC invocations=10 (full 0):
 PSYoungGen      total 29312K, used 29312K [0x00000007d5c00000, 0x00000007d7f50000, 0x0000000800000000)
  eden space 28864K, 100% used [0x00000007d5c00000,0x00000007d7830000,0x00000007d7830000)
  from space 448K, 100% used [0x00000007d78d0000,0x00000007d7940000,0x00000007d7940000)
  to   space 3648K, 0% used [0x00000007d7bc0000,0x00000007d7bc0000,0x00000007d7f50000)
 ParOldGen       total 86528K, used 1912K [0x0000000781400000, 0x0000000786880000, 0x00000007d5c00000)
  object space 86528K, 2% used [0x0000000781400000,0x00000007815de3c8,0x0000000786880000)
 PSPermGen       total 21248K, used 14119K [0x000000077c200000, 0x000000077d6c0000, 0x0000000781400000)
  object space 21248K, 66% used [0x000000077c200000,0x000000077cfc9f30,0x000000077d6c0000)
Event: 57.188 GC heap after
Heap after GC invocations=10 (full 0):
 PSYoungGen      total 31360K, used 480K [0x00000007d5c00000, 0x00000007d7ed0000, 0x0000000800000000)
  eden space 28224K, 0% used [0x00000007d5c00000,0x00000007d5c00000,0x00000007d7790000)
  from space 3136K, 15% used [0x00000007d7bc0000,0x00000007d7c38000,0x00000007d7ed0000)
  to   space 3712K, 0% used [0x00000007d7790000,0x00000007d7790000,0x00000007d7b30000)
 ParOldGen       total 86528K, used 1920K [0x0000000781400000, 0x0000000786880000, 0x00000007d5c00000)
  object space 86528K, 2% used [0x0000000781400000,0x00000007815e03c8,0x0000000786880000)
 PSPermGen       total 21248K, used 14119K [0x000000077c200000, 0x000000077d6c0000, 0x0000000781400000)
  object space 21248K, 66% used [0x000000077c200000,0x000000077cfc9f30,0x000000077d6c0000)
}
Event: 61.936 GC heap before
{Heap before GC invocations=11 (full 0):
 PSYoungGen      total 31360K, used 28704K [0x00000007d5c00000, 0x00000007d7ed0000, 0x0000000800000000)
  eden space 28224K, 100% used [0x00000007d5c00000,0x00000007d7790000,0x00000007d7790000)
  from space 3136K, 15% used [0x00000007d7bc0000,0x00000007d7c38000,0x00000007d7ed0000)
  to   space 3712K, 0% used [0x00000007d7790000,0x00000007d7790000,0x00000007d7b30000)
 ParOldGen       total 86528K, used 1920K [0x0000000781400000, 0x0000000786880000, 0x00000007d5c00000)
  object space 86528K, 2% used [0x0000000781400000,0x00000007815e03c8,0x0000000786880000)
 PSPermGen       total 21248K, used 14128K [0x000000077c200000, 0x000000077d6c0000, 0x0000000781400000)
  object space 21248K, 66% used [0x000000077c200000,0x000000077cfcc098,0x000000077d6c0000)
Event: 61.939 GC heap after
Heap after GC invocations=11 (full 0):
 PSYoungGen      total 28096K, used 512K [0x00000007d5c00000, 0x00000007d7e50000, 0x0000000800000000)
  eden space 27584K, 0% used [0x00000007d5c00000,0x00000007d5c00000,0x00000007d76f0000)
  from space 512K, 100% used [0x00000007d7790000,0x00000007d7810000,0x00000007d7810000)
  to   space 3776K, 0% used [0x00000007d7aa0000,0x00000007d7aa0000,0x00000007d7e50000)
 ParOldGen       total 86528K, used 1960K [0x0000000781400000, 0x0000000786880000, 0x00000007d5c00000)
  object space 86528K, 2% used [0x0000000781400000,0x00000007815ea3c8,0x0000000786880000)
 PSPermGen       total 21248K, used 14128K [0x000000077c200000, 0x000000077d6c0000, 0x0000000781400000)
  object space 21248K, 66% used [0x000000077c200000,0x000000077cfcc098,0x000000077d6c0000)
}
Event: 67.198 GC heap before
{Heap before GC invocations=12 (full 0):
 PSYoungGen      total 28096K, used 28096K [0x00000007d5c00000, 0x00000007d7e50000, 0x0000000800000000)
  eden space 27584K, 100% used [0x00000007d5c00000,0x00000007d76f0000,0x00000007d76f0000)
  from space 512K, 100% used [0x00000007d7790000,0x00000007d7810000,0x00000007d7810000)
  to   space 3776K, 0% used [0x00000007d7aa0000,0x00000007d7aa0000,0x00000007d7e50000)
 ParOldGen       total 86528K, used 1960K [0x0000000781400000, 0x0000000786880000, 0x00000007d5c00000)
  object space 86528K, 2% used [0x0000000781400000,0x00000007815ea3c8,0x0000000786880000)
 PSPermGen       total 21248K, used 14130K [0x000000077c200000, 0x000000077d6c0000, 0x0000000781400000)
  object space 21248K, 66% used [0x000000077c200000,0x000000077cfcc888,0x000000077d6c0000)
Event: 67.202 GC heap after
Heap after GC invocations=12 (full 0):
 PSYoungGen      total 30208K, used 480K [0x00000007d5c00000, 0x00000007d7dc0000, 0x0000000800000000)
  eden space 27008K, 0% used [0x00000007d5c00000,0x00000007d5c00000,0x00000007d7660000)
  from space 3200K, 15% used [0x00000007d7aa0000,0x00000007d7b18000,0x00000007d7dc0000)
  to   space 3776K, 0% used [0x00000007d7660000,0x00000007d7660000,0x00000007d7a10000)
 ParOldGen       total 86528K, used 1976K [0x0000000781400000, 0x0000000786880000, 0x00000007d5c00000)
  object space 86528K, 2% used [0x0000000781400000,0x00000007815ee3c8,0x0000000786880000)
 PSPermGen       total 21248K, used 14130K [0x000000077c200000, 0x000000077d6c0000, 0x0000000781400000)
  object space 21248K, 66% used [0x000000077c200000,0x000000077cfcc888,0x000000077d6c0000)
}

