# JRE version: 7.0_25-b17
# Java VM: Java HotSpot(TM) 64-Bit Server VM (23.25-b01 mixed mode windows-amd64 compressed oops)
Heap
 PSYoungGen      total 37824K, used 4366K [0x00000007d5c00000, 0x00000007d8630000, 0x0000000800000000)
  eden space 32448K, 6% used [0x00000007d5c00000,0x00000007d5e0b928,0x00000007d7bb0000)
  from space 5376K, 42% used [0x00000007d80f0000,0x00000007d8328020,0x00000007d8630000)
  to   space 5376K, 0% used [0x00000007d7bb0000,0x00000007d7bb0000,0x00000007d80f0000)
 ParOldGen       total 86528K, used 32K [0x0000000781400000, 0x0000000786880000, 0x00000007d5c00000)
  object space 86528K, 0% used [0x0000000781400000,0x0000000781408000,0x0000000786880000)
 PSPermGen       total 21248K, used 11727K [0x000000077c200000, 0x000000077d6c0000, 0x0000000781400000)
  object space 21248K, 55% used [0x000000077c200000,0x000000077cd73c88,0x000000077d6c0000)
GC Heap History (8 events):
Event: 2.628 GC heap before
{Heap before GC invocations=1 (full 0):
 PSYoungGen      total 37824K, used 32448K [0x00000007d5c00000, 0x00000007d8630000, 0x0000000800000000)
  eden space 32448K, 100% used [0x00000007d5c00000,0x00000007d7bb0000,0x00000007d7bb0000)
  from space 5376K, 0% used [0x00000007d80f0000,0x00000007d80f0000,0x00000007d8630000)
  to   space 5376K, 0% used [0x00000007d7bb0000,0x00000007d7bb0000,0x00000007d80f0000)
 ParOldGen       total 86528K, used 0K [0x0000000781400000, 0x0000000786880000, 0x00000007d5c00000)
  object space 86528K, 0% used [0x0000000781400000,0x0000000781400000,0x0000000786880000)
 PSPermGen       total 21248K, used 11543K [0x000000077c200000, 0x000000077d6c0000, 0x0000000781400000)
  object space 21248K, 54% used [0x000000077c200000,0x000000077cd45f60,0x000000077d6c0000)
Event: 2.634 GC heap after
Heap after GC invocations=1 (full 0):
 PSYoungGen      total 37824K, used 2448K [0x00000007d5c00000, 0x00000007d8630000, 0x0000000800000000)
  eden space 32448K, 0% used [0x00000007d5c00000,0x00000007d5c00000,0x00000007d7bb0000)
  from space 5376K, 45% used [0x00000007d7bb0000,0x00000007d7e141b8,0x00000007d80f0000)
  to   space 5376K, 0% used [0x00000007d80f0000,0x00000007d80f0000,0x00000007d8630000)
 ParOldGen       total 86528K, used 8K [0x0000000781400000, 0x0000000786880000, 0x00000007d5c00000)
  object space 86528K, 0% used [0x0000000781400000,0x0000000781402000,0x0000000786880000)
 PSPermGen       total 21248K, used 11543K [0x000000077c200000, 0x000000077d6c0000, 0x0000000781400000)
  object space 21248K, 54% used [0x000000077c200000,0x000000077cd45f60,0x000000077d6c0000)
}
Event: 6.707 GC heap before
{Heap before GC invocations=2 (full 0):
 PSYoungGen      total 37824K, used 34896K [0x00000007d5c00000, 0x00000007d8630000, 0x0000000800000000)
  eden space 32448K, 100% used [0x00000007d5c00000,0x00000007d7bb0000,0x00000007d7bb0000)
  from space 5376K, 45% used [0x00000007d7bb0000,0x00000007d7e141b8,0x00000007d80f0000)
  to   space 5376K, 0% used [0x00000007d80f0000,0x00000007d80f0000,0x00000007d8630000)
 ParOldGen       total 86528K, used 8K [0x0000000781400000, 0x0000000786880000, 0x00000007d5c00000)
  object space 86528K, 0% used [0x0000000781400000,0x0000000781402000,0x0000000786880000)
 PSPermGen       total 21248K, used 11678K [0x000000077c200000, 0x000000077d6c0000, 0x0000000781400000)
  object space 21248K, 54% used [0x000000077c200000,0x000000077cd67a58,0x000000077d6c0000)
Event: 6.713 GC heap after
Heap after GC invocations=2 (full 0):
 PSYoungGen      total 37824K, used 2048K [0x00000007d5c00000, 0x00000007d8630000, 0x0000000800000000)
  eden space 32448K, 0% used [0x00000007d5c00000,0x00000007d5c00000,0x00000007d7bb0000)
  from space 5376K, 38% used [0x00000007d80f0000,0x00000007d82f0020,0x00000007d8630000)
  to   space 5376K, 0% used [0x00000007d7bb0000,0x00000007d7bb0000,0x00000007d80f0000)
 ParOldGen       total 86528K, used 16K [0x0000000781400000, 0x0000000786880000, 0x00000007d5c00000)
  object space 86528K, 0% used [0x0000000781400000,0x0000000781404000,0x0000000786880000)
 PSPermGen       total 21248K, used 11678K [0x000000077c200000, 0x000000077d6c0000, 0x0000000781400000)
  object space 21248K, 54% used [0x000000077c200000,0x000000077cd67a58,0x000000077d6c0000)
}
Event: 12.779 GC heap before
{Heap before GC invocations=3 (full 0):
 PSYoungGen      total 37824K, used 34496K [0x00000007d5c00000, 0x00000007d8630000, 0x0000000800000000)
  eden space 32448K, 100% used [0x00000007d5c00000,0x00000007d7bb0000,0x00000007d7bb0000)
  from space 5376K, 38% used [0x00000007d80f0000,0x00000007d82f0020,0x00000007d8630000)
  to   space 5376K, 0% used [0x00000007d7bb0000,0x00000007d7bb0000,0x00000007d80f0000)
 ParOldGen       total 86528K, used 16K [0x0000000781400000, 0x0000000786880000, 0x00000007d5c00000)
  object space 86528K, 0% used [0x0000000781400000,0x0000000781404000,0x0000000786880000)
 PSPermGen       total 21248K, used 11698K [0x000000077c200000, 0x000000077d6c0000, 0x0000000781400000)
  object space 21248K, 55% used [0x000000077c200000,0x000000077cd6ca90,0x000000077d6c0000)
Event: 12.787 GC heap after
Heap after GC invocations=3 (full 0):
 PSYoungGen      total 37824K, used 2192K [0x00000007d5c00000, 0x00000007d8630000, 0x0000000800000000)
  eden space 32448K, 0% used [0x00000007d5c00000,0x00000007d5c00000,0x00000007d7bb0000)
  from space 5376K, 40% used [0x00000007d7bb0000,0x00000007d7dd4010,0x00000007d80f0000)
  to   space 5376K, 0% used [0x00000007d80f0000,0x00000007d80f0000,0x00000007d8630000)
 ParOldGen       total 86528K, used 24K [0x0000000781400000, 0x0000000786880000, 0x00000007d5c00000)
  object space 86528K, 0% used [0x0000000781400000,0x0000000781406000,0x0000000786880000)
 PSPermGen       total 21248K, used 11698K [0x000000077c200000, 0x000000077d6c0000, 0x0000000781400000)
  object space 21248K, 55% used [0x000000077c200000,0x000000077cd6ca90,0x000000077d6c0000)
}
Event: 22.187 GC heap before
{Heap before GC invocations=4 (full 0):
 PSYoungGen      total 37824K, used 34640K [0x00000007d5c00000, 0x00000007d8630000, 0x0000000800000000)
  eden space 32448K, 100% used [0x00000007d5c00000,0x00000007d7bb0000,0x00000007d7bb0000)
  from space 5376K, 40% used [0x00000007d7bb0000,0x00000007d7dd4010,0x00000007d80f0000)
  to   space 5376K, 0% used [0x00000007d80f0000,0x00000007d80f0000,0x00000007d8630000)
 ParOldGen       total 86528K, used 24K [0x0000000781400000, 0x0000000786880000, 0x00000007d5c00000)
  object space 86528K, 0% used [0x0000000781400000,0x0000000781406000,0x0000000786880000)
 PSPermGen       total 21248K, used 11726K [0x000000077c200000, 0x000000077d6c0000, 0x0000000781400000)
  object space 21248K, 55% used [0x000000077c200000,0x000000077cd739a8,0x000000077d6c0000)
Event: 22.193 GC heap after
Heap after GC invocations=4 (full 0):
 PSYoungGen      total 37824K, used 2272K [0x00000007d5c00000, 0x00000007d8630000, 0x0000000800000000)
  eden space 32448K, 0% used [0x00000007d5c00000,0x00000007d5c00000,0x00000007d7bb0000)
  from space 5376K, 42% used [0x00000007d80f0000,0x00000007d8328020,0x00000007d8630000)
  to   space 5376K, 0% used [0x00000007d7bb0000,0x00000007d7bb0000,0x00000007d80f0000)
 ParOldGen       total 86528K, used 32K [0x0000000781400000, 0x0000000786880000, 0x00000007d5c00000)
  object space 86528K, 0% used [0x0000000781400000,0x0000000781408000,0x0000000786880000)
 PSPermGen       total 21248K, used 11726K [0x000000077c200000, 0x000000077d6c0000, 0x0000000781400000)
  object space 21248K, 55% used [0x000000077c200000,0x000000077cd739a8,0x000000077d6c0000)
}

